<?xml version="1.0" encoding="UTF-8"?>
<!-- Generated by org.testng.reporters.JUnitReportReporter -->
<testsuite hostname="DESKTOP-ACMBVG4" failures="0" tests="1" name="pomTests.POMEbayProdSearchTest" time="92.719" errors="0" timestamp="2022-06-24T19:40:53 IST" skipped="0">
  <testcase classname="pomTests.POMEbayProdSearchTest" name="prodSearch" time="92.719"/>
  <system-out>
    <![CDATA[Ebay Product Search Test is Successful...]]>
  </system-out>
</testsuite> <!-- pomTests.POMEbayProdSearchTest -->
