<?xml version="1.0" encoding="UTF-8"?>
<!-- Generated by org.testng.reporters.JUnitReportReporter -->
<testsuite hostname="DESKTOP-ACMBVG4" failures="0" tests="1" name="pomTests.POMEbayProdCatSearchTest" time="79.634" errors="0" timestamp="2022-06-24T19:38:07 IST" skipped="0">
  <testcase classname="pomTests.POMEbayProdCatSearchTest" name="catSearch" time="79.634"/>
  <system-out>
    <![CDATA[Ebay Product Search in a category Test is Successful...]]>
  </system-out>
</testsuite> <!-- pomTests.POMEbayProdCatSearchTest -->
