<?xml version="1.0" encoding="UTF-8"?>
<!-- Generated by org.testng.reporters.JUnitReportReporter -->
<testsuite hostname="DESKTOP-ACMBVG4" failures="0" tests="1" name="mydemos.MyTest" time="71.325" errors="0" timestamp="2022-06-22T20:58:28 IST" skipped="0">
  <testcase classname="mydemos.MyTest" name="f" time="71.325"/>
  <system-out>
    <![CDATA[Ebay Search Test is Successful...]]>
  </system-out>
</testsuite> <!-- mydemos.MyTest -->
